mode: atomic
github.com/jimmystewpot/traceroute/config/config.go:62.29,64.16 2 0
github.com/jimmystewpot/traceroute/config/config.go:64.16,66.3 1 0
github.com/jimmystewpot/traceroute/config/config.go:67.2,67.12 1 0
github.com/jimmystewpot/traceroute/config/config.go:71.54,73.16 2 0
github.com/jimmystewpot/traceroute/config/config.go:73.16,75.3 1 0
github.com/jimmystewpot/traceroute/config/config.go:76.2,76.12 1 0
github.com/jimmystewpot/traceroute/config/config.go:82.64,88.16 3 0
github.com/jimmystewpot/traceroute/config/config.go:88.16,90.3 1 0
github.com/jimmystewpot/traceroute/config/config.go:91.2,95.16 3 0
github.com/jimmystewpot/traceroute/config/config.go:95.16,97.3 1 0
github.com/jimmystewpot/traceroute/config/config.go:99.2,101.16 3 0
github.com/jimmystewpot/traceroute/config/config.go:101.16,103.3 1 0
github.com/jimmystewpot/traceroute/config/config.go:104.2,105.16 2 0
github.com/jimmystewpot/traceroute/config/config.go:105.16,107.3 1 0
github.com/jimmystewpot/traceroute/config/config.go:109.2,109.17 1 0
github.com/jimmystewpot/traceroute/config/config.go:112.50,113.39 1 2
github.com/jimmystewpot/traceroute/config/config.go:113.39,115.3 1 1
github.com/jimmystewpot/traceroute/config/config.go:116.2,116.39 1 1
github.com/jimmystewpot/traceroute/config/config.go:116.39,118.3 1 1
github.com/jimmystewpot/traceroute/config/config.go:119.2,119.40 1 1
github.com/jimmystewpot/traceroute/config/config.go:119.40,121.3 1 1
github.com/jimmystewpot/traceroute/config/config.go:122.2,122.40 1 1
github.com/jimmystewpot/traceroute/config/config.go:122.40,124.3 1 1
github.com/jimmystewpot/traceroute/config/config.go:125.2,125.48 1 1
github.com/jimmystewpot/traceroute/config/config.go:125.48,127.3 1 1
github.com/jimmystewpot/traceroute/config/config.go:128.2,128.39 1 1
github.com/jimmystewpot/traceroute/config/config.go:128.39,130.3 1 1
github.com/jimmystewpot/traceroute/config/config.go:131.2,131.12 1 1
github.com/jimmystewpot/traceroute/config/config.go:135.38,167.16 4 0
github.com/jimmystewpot/traceroute/config/config.go:167.16,169.3 1 0
github.com/jimmystewpot/traceroute/config/config.go:171.2,172.16 2 0
github.com/jimmystewpot/traceroute/config/config.go:172.16,174.3 1 0
github.com/jimmystewpot/traceroute/config/config.go:176.2,178.12 2 0
